2018-05-14 10:40:32 +0000  Initial pipeline context: <IDEDistributionProcessingPipelineContext: 0x7fbefc44b2b0; archive(resolved)='<IDEArchive: 0x7fbefa853300>', distributionTask(resolved)='2', distributionMethod(resolved)='<IDEDistributionMethodiOSAppStoreExport: 0x7fbef82b7ba0>', team(resolved)='<IDEProvisioningBasicTeam 0x7fbefbd4f360: teamID: SC8GQ8G9D8, teamName: Shiwei Luo>'>
	Chain (11, self inclusive):
	<IDEDistributionProcessingPipelineContext: 0x7fbefc44b2b0; archive = '<IDEArchive: 0x7fbefa853300>', distributionMethod='<IDEDistributionMethodiOSAppStoreExport: 0x7fbef82b7ba0>', team='<IDEProvisioningBasicTeam 0x7fbefbd4f360: teamID: SC8GQ8G9D8, teamName: Shiwei Luo>'>
	<IDEDistributionProcessingPipelineContext: 0x7fbefc44a830; archive = '<IDEArchive: 0x7fbefa853300>', distributionMethod='<IDEDistributionMethodiOSAppStoreExport: 0x7fbef82b7ba0>', team='<IDEProvisioningBasicTeam 0x7fbefbd4f360: teamID: SC8GQ8G9D8, teamName: Shiwei Luo>'>
	<IDEDistributionContext: 0x7fbefbdcb000; archive = '<IDEArchive: 0x7fbefa853300>', distributionMethod='<IDEDistributionMethodiOSAppStoreExport: 0x7fbef82b7ba0>', team='<IDEProvisioningBasicTeam 0x7fbefbd4f360: teamID: SC8GQ8G9D8, teamName: Shiwei Luo>'>
	<IDEDistributionContext: 0x7fbefab8f790; archive = '<IDEArchive: 0x7fbefa853300>', distributionMethod='<IDEDistributionMethodiOSAppStoreExport: 0x7fbef82b7ba0>', team='<IDEProvisioningBasicTeam 0x7fbefbd4f360: teamID: SC8GQ8G9D8, teamName: Shiwei Luo>'>
	<IDEDistributionContext: 0x7fbefbbbb720; archive = '<IDEArchive: 0x7fbefa853300>', distributionMethod='<IDEDistributionMethodiOSAppStoreExport: 0x7fbef82b7ba0>', team='<IDEProvisioningBasicTeam 0x7fbefbd4f360: teamID: SC8GQ8G9D8, teamName: Shiwei Luo>'>
	<IDEDistributionContext: 0x7fbefa252480; archive = '<IDEArchive: 0x7fbefa853300>', distributionMethod='<IDEDistributionMethodiOSAppStoreExport: 0x7fbef82b7ba0>', team='<IDEProvisioningBasicTeam 0x7fbefbd4f360: teamID: SC8GQ8G9D8, teamName: Shiwei Luo>'>
	<IDEDistributionContext: 0x7fbf10c2bbe0; archive = '<IDEArchive: 0x7fbefa853300>', distributionMethod='<IDEDistributionMethodiOSAppStoreExport: 0x7fbef82b7ba0>', team='<IDEProvisioningBasicTeam 0x7fbefbd4f360: teamID: SC8GQ8G9D8, teamName: Shiwei Luo>'>
	<IDEDistributionContext: 0x7fbefaca30c0; archive = '<IDEArchive: 0x7fbefa853300>', distributionMethod='<IDEDistributionMethodiOSAppStoreExport: 0x7fbef82b7ba0>', team='<IDEProvisioningBasicTeam 0x7fbefbd4f360: teamID: SC8GQ8G9D8, teamName: Shiwei Luo>'>
	<IDEDistributionContext: 0x7fbefbd62320; archive = '<IDEArchive: 0x7fbefa853300>', distributionMethod='<IDEDistributionMethodiOSAppStoreExport: 0x7fbef82b7ba0>', team='<IDEProvisioningBasicTeam 0x7fbefbd4f360: teamID: SC8GQ8G9D8, teamName: Shiwei Luo>'>
	<IDEDistributionContext: 0x7fbefc142050; archive = '<IDEArchive: 0x7fbefa853300>', distributionMethod='<IDEDistributionMethodiOSAppStoreExport: 0x7fbef82b7ba0>', team='(null)'>
	<IDEDistributionContext: 0x7fbefbb07dd0; archive = '<IDEArchive: 0x7fbefa853300>', distributionMethod='(null)', team='(null)'>
</IDEDistributionProcessingPipelineContext: 0x7fbefc44b2b0>
2018-05-14 10:40:32 +0000  Processing step: IDEDistributionCreateDestRootStep
2018-05-14 10:40:32 +0000  Processing step: IDEDistributionCopyItemStep
2018-05-14 10:40:32 +0000  Running /usr/bin/ditto '-V' '/Users/jason/Library/Developer/Xcode/Archives/2018-05-14/NineOneCP 2018-5-14 下午6.34.xcarchive/Products/Applications/NineOneCP.app' '/var/folders/_p/qnf851xx36dff8nsy02gctv40000gn/T/XcodeDistPipeline.ytw/Root/Payload/NineOneCP.app'
2018-05-14 10:40:32 +0000  >>> Copying /Users/jason/Library/Developer/Xcode/Archives/2018-05-14/NineOneCP 2018-5-14 下午6.34.xcarchive/Products/Applications/NineOneCP.app 
2018-05-14 10:40:32 +0000  copying file ./_CodeSignature/CodeResources ... 
2018-05-14 10:40:32 +0000  13976 bytes for ./_CodeSignature/CodeResources
2018-05-14 10:40:32 +0000  copying file ./AppIcon20x20@2x.png ... 
2018-05-14 10:40:32 +0000  4258 bytes for ./AppIcon20x20@2x.png
copying file ./AppIcon20x20@3x.png ... 
2018-05-14 10:40:32 +0000  9142 bytes for ./AppIcon20x20@3x.png
copying file ./AppIcon29x29@2x.png ... 
2018-05-14 10:40:32 +0000  8587 bytes for ./AppIcon29x29@2x.png
copying file ./AppIcon29x29@3x.png ... 
2018-05-14 10:40:32 +0000  19609 bytes for ./AppIcon29x29@3x.png
2018-05-14 10:40:32 +0000  copying file ./AppIcon40x40@2x.png ... 
2018-05-14 10:40:32 +0000  16671 bytes for ./AppIcon40x40@2x.png
copying file ./AppIcon40x40@3x.png ... 
2018-05-14 10:40:32 +0000  36205 bytes for ./AppIcon40x40@3x.png
copying file ./AppIcon60x60@2x.png ... 
2018-05-14 10:40:32 +0000  36205 bytes for ./AppIcon60x60@2x.png
2018-05-14 10:40:32 +0000  copying file ./AppIcon60x60@3x.png ... 
2018-05-14 10:40:32 +0000  78908 bytes for ./AppIcon60x60@3x.png
copying file ./archived-expanded-entitlements.xcent ... 
2018-05-14 10:40:32 +0000  246 bytes for ./archived-expanded-entitlements.xcent
copying file ./Assets.car ... 
2018-05-14 10:40:32 +0000  5501208 bytes for ./Assets.car
2018-05-14 10:40:32 +0000  copying file ./Base.lproj/InfoPlist.strings ... 
80 bytes for ./Base.lproj/InfoPlist.strings
copying file ./Base.lproj/LaunchScreen.nib ... 
3104 bytes for ./Base.lproj/LaunchScreen.nib
copying file ./embedded.mobileprovision ... 
11541 bytes for ./embedded.mobileprovision
copying file ./en.lproj/InfoPlist.strings ... 
80 bytes for ./en.lproj/InfoPlist.strings
copying file ./Entypo.ttf ... 
2018-05-14 10:40:32 +0000  65584 bytes for ./Entypo.ttf
copying file ./EvilIcons.ttf ... 
2018-05-14 10:40:32 +0000  13128 bytes for ./EvilIcons.ttf
copying file ./Feather.ttf ... 
2018-05-14 10:40:32 +0000  55288 bytes for ./Feather.ttf
copying file ./FontAwesome.ttf ... 
2018-05-14 10:40:32 +0000  165548 bytes for ./FontAwesome.ttf
copying file ./Foundation.ttf ... 
2018-05-14 10:40:32 +0000  56976 bytes for ./Foundation.ttf
copying file ./Info.plist ... 
2018-05-14 10:40:32 +0000  2432 bytes for ./Info.plist
copying file ./Ionicons.ttf ... 
2018-05-14 10:40:32 +0000  143936 bytes for ./Ionicons.ttf
copying file ./LaunchImage-1100-Portrait-2436h@3x.png ... 
2018-05-14 10:40:32 +0000  280283 bytes for ./LaunchImage-1100-Portrait-2436h@3x.png
copying file ./LaunchImage-568h@2x.png ... 
2018-05-14 10:40:32 +0000  76515 bytes for ./LaunchImage-568h@2x.png
copying file ./LaunchImage-700-568h@2x.png ... 
2018-05-14 10:40:32 +0000  76515 bytes for ./LaunchImage-700-568h@2x.png
2018-05-14 10:40:32 +0000  copying file ./LaunchImage-700@2x.png ... 
2018-05-14 10:40:32 +0000  64690 bytes for ./LaunchImage-700@2x.png
copying file ./LaunchImage-800-667h@2x.png ... 
2018-05-14 10:40:32 +0000  104573 bytes for ./LaunchImage-800-667h@2x.png
2018-05-14 10:40:32 +0000  copying file ./LaunchImage-800-Portrait-736h@3x.png ... 
2018-05-14 10:40:32 +0000  280092 bytes for ./LaunchImage-800-Portrait-736h@3x.png
copying file ./LaunchImage.png ... 
2018-05-14 10:40:32 +0000  16629 bytes for ./LaunchImage.png
copying file ./LaunchImage@2x.png ... 
2018-05-14 10:40:32 +0000  64690 bytes for ./LaunchImage@2x.png
copying file ./main.jsbundle ... 
2018-05-14 10:40:32 +0000  627702 bytes for ./main.jsbundle
copying file ./main.jsbundle.meta ... 
2018-05-14 10:40:32 +0000  21 bytes for ./main.jsbundle.meta
copying file ./MaterialCommunityIcons.ttf ... 
2018-05-14 10:40:32 +0000  302940 bytes for ./MaterialCommunityIcons.ttf
copying file ./MaterialIcons.ttf ... 
2018-05-14 10:40:32 +0000  128180 bytes for ./MaterialIcons.ttf
copying file ./NineOneCP ... 
2018-05-14 10:40:32 +0000  35060224 bytes for ./NineOneCP
copying file ./Octicons.ttf ... 
2018-05-14 10:40:32 +0000  27512 bytes for ./Octicons.ttf
copying file ./PkgInfo ... 
2018-05-14 10:40:32 +0000  8 bytes for ./PkgInfo
2018-05-14 10:40:32 +0000  copying file ./SimpleLineIcons.ttf ... 
2018-05-14 10:40:32 +0000  54056 bytes for ./SimpleLineIcons.ttf
2018-05-14 10:40:32 +0000  copying file ./ViewController.nib ... 
2018-05-14 10:40:32 +0000  5024 bytes for ./ViewController.nib
2018-05-14 10:40:32 +0000  copying file ./zh-Hans.lproj/InfoPlist.strings ... 
2018-05-14 10:40:32 +0000  81 bytes for ./zh-Hans.lproj/InfoPlist.strings
copying file ./zh-Hans.lproj/LaunchScreen.strings ... 
2018-05-14 10:40:32 +0000  236 bytes for ./zh-Hans.lproj/LaunchScreen.strings
2018-05-14 10:40:32 +0000  copying file ./Zocial.ttf ... 
2018-05-14 10:40:32 +0000  25552 bytes for ./Zocial.ttf
2018-05-14 10:40:32 +0000  /usr/bin/ditto exited with 0
2018-05-14 10:40:32 +0000  Processing step: IDEDistributionEmbedProfileStep
2018-05-14 10:40:32 +0000  Processing step: IDEDistributionItemRemovalStep
2018-05-14 10:40:32 +0000  Processing step: IDEDistributionAppThinningPlistStep
2018-05-14 10:40:32 +0000  Skipping step: IDEDistributionAppThinningPlistStep because it said so
2018-05-14 10:40:32 +0000  Processing step: IDEDistributionCompileBitcodeStep
2018-05-14 10:40:32 +0000  Skipping step: IDEDistributionCompileBitcodeStep because it said so
2018-05-14 10:40:32 +0000  Processing step: IDEDistributionCodeSlimmingStep
2018-05-14 10:40:33 +0000  Processing step: IDEDistributionCopyBCSymbolMapsStep
2018-05-14 10:40:33 +0000  Running /usr/bin/ditto '-V' '/Users/jason/Library/Developer/Xcode/Archives/2018-05-14/NineOneCP 2018-5-14 下午6.34.xcarchive/BCSymbolMaps/9D303CD1-EDCA-31BA-A698-1642AF4E5EEB.bcsymbolmap' '/var/folders/_p/qnf851xx36dff8nsy02gctv40000gn/T/XcodeDistPipeline.ytw/Root/BCSymbolMaps/9D303CD1-EDCA-31BA-A698-1642AF4E5EEB.bcsymbolmap'
2018-05-14 10:40:33 +0000  >>> Copying /Users/jason/Library/Developer/Xcode/Archives/2018-05-14/NineOneCP 2018-5-14 下午6.34.xcarchive/BCSymbolMaps/9D303CD1-EDCA-31BA-A698-1642AF4E5EEB.bcsymbolmap 
2018-05-14 10:40:33 +0000  copying file ./9D303CD1-EDCA-31BA-A698-1642AF4E5EEB.bcsymbolmap ... 
2018-05-14 10:40:33 +0000  1053406 bytes for ./9D303CD1-EDCA-31BA-A698-1642AF4E5EEB.bcsymbolmap
2018-05-14 10:40:33 +0000  /usr/bin/ditto exited with 0
2018-05-14 10:40:33 +0000  Running /usr/bin/ditto '-V' '/Users/jason/Library/Developer/Xcode/Archives/2018-05-14/NineOneCP 2018-5-14 下午6.34.xcarchive/BCSymbolMaps/823B298A-6265-35C6-87D5-942C26114CC6.bcsymbolmap' '/var/folders/_p/qnf851xx36dff8nsy02gctv40000gn/T/XcodeDistPipeline.ytw/Root/BCSymbolMaps/823B298A-6265-35C6-87D5-942C26114CC6.bcsymbolmap'
2018-05-14 10:40:33 +0000  >>> Copying /Users/jason/Library/Developer/Xcode/Archives/2018-05-14/NineOneCP 2018-5-14 下午6.34.xcarchive/BCSymbolMaps/823B298A-6265-35C6-87D5-942C26114CC6.bcsymbolmap 
2018-05-14 10:40:33 +0000  copying file ./823B298A-6265-35C6-87D5-942C26114CC6.bcsymbolmap ... 
2018-05-14 10:40:33 +0000  1062305 bytes for ./823B298A-6265-35C6-87D5-942C26114CC6.bcsymbolmap
2018-05-14 10:40:33 +0000  /usr/bin/ditto exited with 0
2018-05-14 10:40:33 +0000  Processing step: IDEDistributionSymbolsStep
2018-05-14 10:40:33 +0000  Excluding symbols for NineOneCP.app
2018-05-14 10:40:33 +0000  Processing step: IDEDistributionCopyAppleProvidedContentStep
2018-05-14 10:40:33 +0000  Processing step: IDEDistributionAppThinningStep
2018-05-14 10:40:33 +0000  Skipping step: IDEDistributionAppThinningStep because it said so
2018-05-14 10:40:33 +0000  Processing step: IDEDistributionODRStep
2018-05-14 10:40:33 +0000  Processing step: IDEDistributionStripXattrsStep
2018-05-14 10:40:33 +0000  Running /usr/bin/xattr '-crs' '/var/folders/_p/qnf851xx36dff8nsy02gctv40000gn/T/XcodeDistPipeline.ytw/Root/Payload/NineOneCP.app'
2018-05-14 10:40:33 +0000  /usr/bin/xattr exited with 0
2018-05-14 10:40:33 +0000  Processing step: IDEDistributionCodesignStep
2018-05-14 10:40:33 +0000  Applying entitlements delta for <IDEDistributionItem: 0x7fbefab95540 'com.c9f5.7baf' '<DVTFilePath:0x7fbf12991f90:'/Users/jason/Library/Developer/Xcode/Archives/2018-05-14/NineOneCP 2018-5-14 下午6.34.xcarchive/Products/Applications/NineOneCP.app'>'> from <IDEiCloudEntitlementsProcessor: 0x7fbefa159e50>: {
}
2018-05-14 10:40:33 +0000  Entitlements for <IDEDistributionItem: 0x7fbefab95540 'com.c9f5.7baf' '<DVTFilePath:0x7fbf12991f90:'/Users/jason/Library/Developer/Xcode/Archives/2018-05-14/NineOneCP 2018-5-14 下午6.34.xcarchive/Products/Applications/NineOneCP.app'>'>: {
    "application-identifier" = "SC8GQ8G9D8.com.c9f5.7baf";
    "aps-environment" = production;
    "beta-reports-active" = 1;
    "com.apple.developer.team-identifier" = SC8GQ8G9D8;
    "get-task-allow" = 0;
}
2018-05-14 10:40:33 +0000  Writing entitlements for <IDEDistributionItem: 0x7fbefab95540 'com.c9f5.7baf' '<DVTFilePath:0x7fbf12991f90:'/Users/jason/Library/Developer/Xcode/Archives/2018-05-14/NineOneCP 2018-5-14 下午6.34.xcarchive/Products/Applications/NineOneCP.app'>'> to: /var/folders/_p/qnf851xx36dff8nsy02gctv40000gn/T/XcodeDistPipeline.ytw/entitlementsNTWU3Y
2018-05-14 10:40:33 +0000  Running /usr/bin/codesign '-vvv' '--force' '--sign' '8BA0FD98D9B14E49A0E60DA99C5BCC26DBCCF4D9' '--preserve-metadata=identifier,flags' '--entitlements' '/var/folders/_p/qnf851xx36dff8nsy02gctv40000gn/T/XcodeDistPipeline.ytw/entitlementsNTWU3Y' '/var/folders/_p/qnf851xx36dff8nsy02gctv40000gn/T/XcodeDistPipeline.ytw/Root/Payload/NineOneCP.app'
2018-05-14 10:40:33 +0000  /var/folders/_p/qnf851xx36dff8nsy02gctv40000gn/T/XcodeDistPipeline.ytw/Root/Payload/NineOneCP.app: signed app bundle with Mach-O universal (armv7 arm64) [com.c9f5.7baf]
2018-05-14 10:40:33 +0000  /usr/bin/codesign exited with 0
2018-05-14 10:40:33 +0000  Processing step: IDEDistributionStreamingZipItemStep
2018-05-14 10:40:33 +0000  Skipping step: IDEDistributionStreamingZipItemStep because it said so
2018-05-14 10:40:33 +0000  Processing step: IDEDistributionCreateIPAStep
2018-05-14 10:40:33 +0000  Running /usr/bin/ditto '-V' '-c' '-k' '--norsrc' '/var/folders/_p/qnf851xx36dff8nsy02gctv40000gn/T/XcodeDistPipeline.ytw/Root' '/var/folders/_p/qnf851xx36dff8nsy02gctv40000gn/T/XcodeDistPipeline.ytw/Packages/NineOneCP.ipa'
2018-05-14 10:40:33 +0000  >>> Copying /var/folders/_p/qnf851xx36dff8nsy02gctv40000gn/T/XcodeDistPipeline.ytw/Root 
2018-05-14 10:40:33 +0000  copying file ./BCSymbolMaps/823B298A-6265-35C6-87D5-942C26114CC6.bcsymbolmap ... 
2018-05-14 10:40:33 +0000  1062305 bytes for ./BCSymbolMaps/823B298A-6265-35C6-87D5-942C26114CC6.bcsymbolmap
copying file ./BCSymbolMaps/9D303CD1-EDCA-31BA-A698-1642AF4E5EEB.bcsymbolmap ... 
2018-05-14 10:40:33 +0000  1053406 bytes for ./BCSymbolMaps/9D303CD1-EDCA-31BA-A698-1642AF4E5EEB.bcsymbolmap
2018-05-14 10:40:33 +0000  copying file ./Payload/NineOneCP.app/_CodeSignature/CodeResources ... 
2018-05-14 10:40:33 +0000  13976 bytes for ./Payload/NineOneCP.app/_CodeSignature/CodeResources
copying file ./Payload/NineOneCP.app/AppIcon20x20@2x.png ... 
2018-05-14 10:40:33 +0000  4258 bytes for ./Payload/NineOneCP.app/AppIcon20x20@2x.png
copying file ./Payload/NineOneCP.app/AppIcon20x20@3x.png ... 
2018-05-14 10:40:33 +0000  9142 bytes for ./Payload/NineOneCP.app/AppIcon20x20@3x.png
copying file ./Payload/NineOneCP.app/AppIcon29x29@2x.png ... 
2018-05-14 10:40:33 +0000  8587 bytes for ./Payload/NineOneCP.app/AppIcon29x29@2x.png
copying file ./Payload/NineOneCP.app/AppIcon29x29@3x.png ... 
2018-05-14 10:40:33 +0000  19609 bytes for ./Payload/NineOneCP.app/AppIcon29x29@3x.png
copying file ./Payload/NineOneCP.app/AppIcon40x40@2x.png ... 
2018-05-14 10:40:33 +0000  16671 bytes for ./Payload/NineOneCP.app/AppIcon40x40@2x.png
copying file ./Payload/NineOneCP.app/AppIcon40x40@3x.png ... 
2018-05-14 10:40:33 +0000  36205 bytes for ./Payload/NineOneCP.app/AppIcon40x40@3x.png
copying file ./Payload/NineOneCP.app/AppIcon60x60@2x.png ... 
2018-05-14 10:40:33 +0000  36205 bytes for ./Payload/NineOneCP.app/AppIcon60x60@2x.png
copying file ./Payload/NineOneCP.app/AppIcon60x60@3x.png ... 
2018-05-14 10:40:33 +0000  78908 bytes for ./Payload/NineOneCP.app/AppIcon60x60@3x.png
copying file ./Payload/NineOneCP.app/archived-expanded-entitlements.xcent ... 
2018-05-14 10:40:33 +0000  246 bytes for ./Payload/NineOneCP.app/archived-expanded-entitlements.xcent
copying file ./Payload/NineOneCP.app/Assets.car ... 
2018-05-14 10:40:34 +0000  5501208 bytes for ./Payload/NineOneCP.app/Assets.car
2018-05-14 10:40:34 +0000  copying file ./Payload/NineOneCP.app/Base.lproj/InfoPlist.strings ... 
80 bytes for ./Payload/NineOneCP.app/Base.lproj/InfoPlist.strings
copying file ./Payload/NineOneCP.app/Base.lproj/LaunchScreen.nib ... 
3104 bytes for ./Payload/NineOneCP.app/Base.lproj/LaunchScreen.nib
copying file ./Payload/NineOneCP.app/embedded.mobileprovision ... 
11432 bytes for ./Payload/NineOneCP.app/embedded.mobileprovision
copying file ./Payload/NineOneCP.app/en.lproj/InfoPlist.strings ... 
80 bytes for ./Payload/NineOneCP.app/en.lproj/InfoPlist.strings
copying file ./Payload/NineOneCP.app/Entypo.ttf ... 
65584 bytes for ./Payload/NineOneCP.app/Entypo.ttf
copying file ./Payload/NineOneCP.app/EvilIcons.ttf ... 
2018-05-14 10:40:34 +0000  13128 bytes for ./Payload/NineOneCP.app/EvilIcons.ttf
copying file ./Payload/NineOneCP.app/Feather.ttf ... 
2018-05-14 10:40:34 +0000  55288 bytes for ./Payload/NineOneCP.app/Feather.ttf
copying file ./Payload/NineOneCP.app/FontAwesome.ttf ... 
2018-05-14 10:40:34 +0000  165548 bytes for ./Payload/NineOneCP.app/FontAwesome.ttf
copying file ./Payload/NineOneCP.app/Foundation.ttf ... 
2018-05-14 10:40:34 +0000  56976 bytes for ./Payload/NineOneCP.app/Foundation.ttf
copying file ./Payload/NineOneCP.app/Info.plist ... 
2018-05-14 10:40:34 +0000  2432 bytes for ./Payload/NineOneCP.app/Info.plist
copying file ./Payload/NineOneCP.app/Ionicons.ttf ... 
2018-05-14 10:40:34 +0000  143936 bytes for ./Payload/NineOneCP.app/Ionicons.ttf
copying file ./Payload/NineOneCP.app/LaunchImage-1100-Portrait-2436h@3x.png ... 
2018-05-14 10:40:34 +0000  280283 bytes for ./Payload/NineOneCP.app/LaunchImage-1100-Portrait-2436h@3x.png
copying file ./Payload/NineOneCP.app/LaunchImage-568h@2x.png ... 
2018-05-14 10:40:34 +0000  76515 bytes for ./Payload/NineOneCP.app/LaunchImage-568h@2x.png
copying file ./Payload/NineOneCP.app/LaunchImage-700-568h@2x.png ... 
2018-05-14 10:40:34 +0000  76515 bytes for ./Payload/NineOneCP.app/LaunchImage-700-568h@2x.png
copying file ./Payload/NineOneCP.app/LaunchImage-700@2x.png ... 
2018-05-14 10:40:34 +0000  64690 bytes for ./Payload/NineOneCP.app/LaunchImage-700@2x.png
copying file ./Payload/NineOneCP.app/LaunchImage-800-667h@2x.png ... 
2018-05-14 10:40:34 +0000  104573 bytes for ./Payload/NineOneCP.app/LaunchImage-800-667h@2x.png
copying file ./Payload/NineOneCP.app/LaunchImage-800-Portrait-736h@3x.png ... 
2018-05-14 10:40:34 +0000  280092 bytes for ./Payload/NineOneCP.app/LaunchImage-800-Portrait-736h@3x.png
copying file ./Payload/NineOneCP.app/LaunchImage.png ... 
2018-05-14 10:40:34 +0000  16629 bytes for ./Payload/NineOneCP.app/LaunchImage.png
copying file ./Payload/NineOneCP.app/LaunchImage@2x.png ... 
2018-05-14 10:40:34 +0000  64690 bytes for ./Payload/NineOneCP.app/LaunchImage@2x.png
copying file ./Payload/NineOneCP.app/main.jsbundle ... 
2018-05-14 10:40:34 +0000  627702 bytes for ./Payload/NineOneCP.app/main.jsbundle
copying file ./Payload/NineOneCP.app/main.jsbundle.meta ... 
2018-05-14 10:40:34 +0000  21 bytes for ./Payload/NineOneCP.app/main.jsbundle.meta
copying file ./Payload/NineOneCP.app/MaterialCommunityIcons.ttf ... 
2018-05-14 10:40:34 +0000  302940 bytes for ./Payload/NineOneCP.app/MaterialCommunityIcons.ttf
copying file ./Payload/NineOneCP.app/MaterialIcons.ttf ... 
2018-05-14 10:40:34 +0000  128180 bytes for ./Payload/NineOneCP.app/MaterialIcons.ttf
copying file ./Payload/NineOneCP.app/NineOneCP ... 
2018-05-14 10:40:35 +0000  28800384 bytes for ./Payload/NineOneCP.app/NineOneCP
copying file ./Payload/NineOneCP.app/Octicons.ttf ... 
2018-05-14 10:40:35 +0000  27512 bytes for ./Payload/NineOneCP.app/Octicons.ttf
copying file ./Payload/NineOneCP.app/PkgInfo ... 
2018-05-14 10:40:35 +0000  8 bytes for ./Payload/NineOneCP.app/PkgInfo
copying file ./Payload/NineOneCP.app/SimpleLineIcons.ttf ... 
2018-05-14 10:40:35 +0000  54056 bytes for ./Payload/NineOneCP.app/SimpleLineIcons.ttf
copying file ./Payload/NineOneCP.app/ViewController.nib ... 
2018-05-14 10:40:35 +0000  5024 bytes for ./Payload/NineOneCP.app/ViewController.nib
2018-05-14 10:40:35 +0000  copying file ./Payload/NineOneCP.app/zh-Hans.lproj/InfoPlist.strings ... 
81 bytes for ./Payload/NineOneCP.app/zh-Hans.lproj/InfoPlist.strings
copying file ./Payload/NineOneCP.app/zh-Hans.lproj/LaunchScreen.strings ... 
236 bytes for ./Payload/NineOneCP.app/zh-Hans.lproj/LaunchScreen.strings
2018-05-14 10:40:35 +0000  copying file ./Payload/NineOneCP.app/Zocial.ttf ... 
2018-05-14 10:40:35 +0000  25552 bytes for ./Payload/NineOneCP.app/Zocial.ttf
2018-05-14 10:40:35 +0000  /usr/bin/ditto exited with 0
2018-05-14 10:40:35 +0000  Processing step: IDEDistributionCreateManifestStep
2018-05-14 10:40:35 +0000  Skipping step: IDEDistributionCreateManifestStep because it said so
